app/build/intermediates/manifest_merge_blame_file/productionRelease/manifest-merger-blame-production-release-report.txt
1<?xml version="1.0" encoding="utf-8"?>
2<manifest xmlns:android="http://schemas.android.com/apk/res/android"
3    package="eu.indiewalkabout.fridgemanager"
4    android:versionCode="9"
5    android:versionName="1.5.1" >
6
7    <uses-sdk
8        android:minSdkVersion="21"
9        android:targetSdkVersion="34" />
10
11    <uses-permission android:name="android.permission.INTERNET" />
11-->src/main/AndroidManifest.xml:6:5-67
11-->src/main/AndroidManifest.xml:6:22-64
12    <uses-permission android:name="android.permission.ACCESS_NETWORK_STATE" />
12-->src/main/AndroidManifest.xml:7:5-79
12-->src/main/AndroidManifest.xml:7:22-76
13    <uses-permission android:name="android.permission.POST_NOTIFICATIONS" />
13-->src/main/AndroidManifest.xml:8:5-77
13-->src/main/AndroidManifest.xml:8:22-74
14    <uses-permission android:name="android.permission.VIBRATE" />
14-->src/main/AndroidManifest.xml:9:5-66
14-->src/main/AndroidManifest.xml:9:22-63
15    <uses-permission android:name="com.google.android.gms.permission.AD_ID" />
15-->src/main/AndroidManifest.xml:10:5-78
15-->src/main/AndroidManifest.xml:10:22-76
16    <uses-permission android:name="android.permission.ACCESS_ADSERVICES_TOPICS" />
16-->[com.unity3d.ads:unity-ads:4.7.0] AndroidManifest.xml:11:5-83
16-->[com.unity3d.ads:unity-ads:4.7.0] AndroidManifest.xml:11:22-80
17    <uses-permission android:name="android.permission.ACCESS_ADSERVICES_ATTRIBUTION" />
17-->[com.unity3d.ads:unity-ads:4.7.0] AndroidManifest.xml:12:5-88
17-->[com.unity3d.ads:unity-ads:4.7.0] AndroidManifest.xml:12:22-85
18    <uses-permission android:name="android.permission.ACCESS_ADSERVICES_AD_ID" /> <!-- Android package visibility setting -->
18-->[com.google.android.gms:play-services-ads-lite:22.4.0] AndroidManifest.xml:27:5-82
18-->[com.google.android.gms:play-services-ads-lite:22.4.0] AndroidManifest.xml:27:22-79
19    <queries>
19-->[com.google.android.gms:play-services-ads-lite:22.4.0] AndroidManifest.xml:35:5-51:15
20
21        <!-- For browser content -->
22        <intent>
22-->[com.google.android.gms:play-services-ads-lite:22.4.0] AndroidManifest.xml:38:9-44:18
23            <action android:name="android.intent.action.VIEW" />
23-->[com.google.android.gms:play-services-ads-lite:22.4.0] AndroidManifest.xml:39:13-65
23-->[com.google.android.gms:play-services-ads-lite:22.4.0] AndroidManifest.xml:39:21-62
24
25            <category android:name="android.intent.category.BROWSABLE" />
25-->[com.google.android.gms:play-services-ads-lite:22.4.0] AndroidManifest.xml:41:13-74
25-->[com.google.android.gms:play-services-ads-lite:22.4.0] AndroidManifest.xml:41:23-71
26
27            <data android:scheme="https" />
27-->[com.google.android.gms:play-services-ads-lite:22.4.0] AndroidManifest.xml:43:13-44
27-->[com.google.android.gms:play-services-ads-lite:22.4.0] AndroidManifest.xml:43:19-41
28        </intent>
29        <!-- End of browser content -->
30        <!-- For CustomTabsService -->
31        <intent>
31-->[com.google.android.gms:play-services-ads-lite:22.4.0] AndroidManifest.xml:47:9-49:18
32            <action android:name="android.support.customtabs.action.CustomTabsService" />
32-->[com.google.android.gms:play-services-ads-lite:22.4.0] AndroidManifest.xml:48:13-90
32-->[com.google.android.gms:play-services-ads-lite:22.4.0] AndroidManifest.xml:48:21-87
33        </intent>
34        <!-- End of CustomTabsService -->
35    </queries>
36
37    <uses-permission android:name="android.permission.WAKE_LOCK" />
37-->[androidx.work:work-runtime:2.8.1] AndroidManifest.xml:23:5-68
37-->[androidx.work:work-runtime:2.8.1] AndroidManifest.xml:23:22-65
38    <uses-permission android:name="android.permission.FOREGROUND_SERVICE" />
38-->[androidx.work:work-runtime:2.8.1] AndroidManifest.xml:26:5-77
38-->[androidx.work:work-runtime:2.8.1] AndroidManifest.xml:26:22-74
39    <uses-permission android:name="android.permission.REORDER_TASKS" />
39-->[androidx.test:core:1.5.0] AndroidManifest.xml:24:5-72
39-->[androidx.test:core:1.5.0] AndroidManifest.xml:24:22-69
40
41    <permission
41-->[androidx.core:core:1.9.0] AndroidManifest.xml:22:5-24:47
42        android:name="eu.indiewalkabout.fridgemanager.DYNAMIC_RECEIVER_NOT_EXPORTED_PERMISSION"
42-->[androidx.core:core:1.9.0] AndroidManifest.xml:23:9-81
43        android:protectionLevel="signature" />
43-->[androidx.core:core:1.9.0] AndroidManifest.xml:24:9-44
44
45    <uses-permission android:name="eu.indiewalkabout.fridgemanager.DYNAMIC_RECEIVER_NOT_EXPORTED_PERMISSION" />
45-->[androidx.core:core:1.9.0] AndroidManifest.xml:26:5-97
45-->[androidx.core:core:1.9.0] AndroidManifest.xml:26:22-94
46
47    <application
47-->src/main/AndroidManifest.xml:12:5-99:19
48        android:name="eu.indiewalkabout.fridgemanager.App"
48-->src/main/AndroidManifest.xml:15:9-28
49        android:allowBackup="true"
49-->src/main/AndroidManifest.xml:13:9-35
50        android:appComponentFactory="androidx.core.app.CoreComponentFactory"
50-->[androidx.core:core:1.9.0] AndroidManifest.xml:28:18-86
51        android:extractNativeLibs="true"
52        android:icon="@mipmap/ic_launcher"
52-->src/main/AndroidManifest.xml:14:9-43
53        android:label="@string/app_name"
53-->src/main/AndroidManifest.xml:16:9-41
54        android:supportsRtl="true"
54-->src/main/AndroidManifest.xml:17:9-35
55        android:theme="@style/AppTheme" >
55-->src/main/AndroidManifest.xml:18:9-40
56        <activity
56-->src/main/AndroidManifest.xml:21:9-24:20
57            android:name="eu.indiewalkabout.fridgemanager.presentation.ui.intromain.IntroActivity"
57-->src/main/AndroidManifest.xml:22:13-99
58            android:screenOrientation="portrait" >
58-->src/main/AndroidManifest.xml:23:13-49
59        </activity>
60
61        <!-- ADMOB -->
62        <meta-data
62-->src/main/AndroidManifest.xml:28:9-30:56
63            android:name="com.google.android.gms.ads.APPLICATION_ID"
63-->src/main/AndroidManifest.xml:29:13-69
64            android:value="@string/admob_key_app_id" />
64-->src/main/AndroidManifest.xml:30:13-53
65        <meta-data
65-->src/main/AndroidManifest.xml:31:9-33:57
66            android:name="preloaded_fonts"
66-->src/main/AndroidManifest.xml:32:13-43
67            android:resource="@array/preloaded_fonts" />
67-->src/main/AndroidManifest.xml:33:13-54
68
69        <activity
69-->src/main/AndroidManifest.xml:35:9-44:20
70            android:name="eu.indiewalkabout.fridgemanager.presentation.ui.intromain.MainActivity"
70-->src/main/AndroidManifest.xml:36:13-67
71            android:exported="true"
71-->src/main/AndroidManifest.xml:38:13-36
72            android:screenOrientation="portrait" >
72-->src/main/AndroidManifest.xml:37:13-49
73            <intent-filter>
73-->src/main/AndroidManifest.xml:39:13-43:29
74                <action android:name="android.intent.action.MAIN" />
74-->src/main/AndroidManifest.xml:40:17-69
74-->src/main/AndroidManifest.xml:40:25-66
75
76                <category android:name="android.intent.category.LAUNCHER" />
76-->src/main/AndroidManifest.xml:42:17-77
76-->src/main/AndroidManifest.xml:42:27-74
77            </intent-filter>
78        </activity>
79
80        <!-- InsertFoodActivity -->
81        <activity
81-->src/main/AndroidManifest.xml:48:9-55:20
82            android:name="eu.indiewalkabout.fridgemanager.presentation.ui.food.InsertFoodActivity"
82-->src/main/AndroidManifest.xml:49:13-68
83            android:parentActivityName="eu.indiewalkabout.fridgemanager.presentation.ui.intromain.MainActivity"
83-->src/main/AndroidManifest.xml:50:13-81
84            android:screenOrientation="portrait" >
84-->src/main/AndroidManifest.xml:51:13-49
85            <meta-data
85-->src/main/AndroidManifest.xml:52:13-54:75
86                android:name="android.support.PARENT_ACTIVITY"
86-->src/main/AndroidManifest.xml:53:17-63
87                android:value=".presentation.ui.intromain.MainActivity" />
87-->src/main/AndroidManifest.xml:54:17-72
88        </activity>
89
90        <!-- FoodListActivity -->
91        <activity
91-->src/main/AndroidManifest.xml:58:9-65:20
92            android:name="eu.indiewalkabout.fridgemanager.presentation.ui.food.FoodListActivity"
92-->src/main/AndroidManifest.xml:59:13-66
93            android:parentActivityName="eu.indiewalkabout.fridgemanager.presentation.ui.intromain.MainActivity"
93-->src/main/AndroidManifest.xml:60:13-81
94            android:screenOrientation="portrait" >
94-->src/main/AndroidManifest.xml:61:13-49
95            <meta-data
95-->src/main/AndroidManifest.xml:52:13-54:75
96                android:name="android.support.PARENT_ACTIVITY"
96-->src/main/AndroidManifest.xml:53:17-63
97                android:value=".presentation.ui.intromain.MainActivity" />
97-->src/main/AndroidManifest.xml:54:17-72
98        </activity>
99
100        <!-- Used for notifications -->
101        <service
101-->src/main/AndroidManifest.xml:68:9-70:40
102            android:name="eu.indiewalkabout.fridgemanager.core.reminder.FoodReminderIntentService"
102-->src/main/AndroidManifest.xml:69:13-68
103            android:exported="false" />
103-->src/main/AndroidManifest.xml:70:13-37
104
105        <!-- Settings -->
106        <activity
106-->src/main/AndroidManifest.xml:73:9-75:52
107            android:name="eu.indiewalkabout.fridgemanager.presentation.ui.settings.MainSettingsActivity"
107-->src/main/AndroidManifest.xml:74:13-74
108            android:screenOrientation="portrait" />
108-->src/main/AndroidManifest.xml:75:13-49
109        <activity
109-->src/main/AndroidManifest.xml:78:9-79:52
110            android:name="eu.indiewalkabout.fridgemanager.presentation.ui.credits.CreditsActivity"
110-->src/main/AndroidManifest.xml:78:19-74
111            android:screenOrientation="portrait" />
111-->src/main/AndroidManifest.xml:79:13-49
112
113        <!--
114        JobService declaration used in FirebaseJobDispatcher
115        <service
116            android:name="eu.indiewalkabout.fridgemanager.reminder.withworkmanager.FoodReminderWorker"
117            android:exported="false">
118            <intent-filter>
119                <action android:name="com.firebase.jobdispatcher.ACTION_EXECUTE" />
120            </intent-filter>
121        </service>
122        -->
123
124        <receiver
124-->src/main/AndroidManifest.xml:92:9-96:20
125            android:name="eu.indiewalkabout.fridgemanager.core.reminder.withalarmmanager.AlarmReceiver"
125-->src/main/AndroidManifest.xml:93:13-73
126            android:enabled="true"
126-->src/main/AndroidManifest.xml:94:13-35
127            android:exported="true" >
127-->src/main/AndroidManifest.xml:95:13-36
128        </receiver>
129
130        <activity
130-->[com.unity3d.ads:unity-ads:4.7.0] AndroidManifest.xml:15:9-20:74
131            android:name="com.unity3d.services.ads.adunit.AdUnitActivity"
131-->[com.unity3d.ads:unity-ads:4.7.0] AndroidManifest.xml:16:13-74
132            android:configChanges="fontScale|keyboard|keyboardHidden|locale|mnc|mcc|navigation|orientation|screenLayout|screenSize|smallestScreenSize|uiMode|touchscreen"
132-->[com.unity3d.ads:unity-ads:4.7.0] AndroidManifest.xml:17:13-170
133            android:exported="false"
133-->[com.unity3d.ads:unity-ads:4.7.0] AndroidManifest.xml:18:13-37
134            android:hardwareAccelerated="true"
134-->[com.unity3d.ads:unity-ads:4.7.0] AndroidManifest.xml:19:13-47
135            android:theme="@android:style/Theme.NoTitleBar.Fullscreen" />
135-->[com.unity3d.ads:unity-ads:4.7.0] AndroidManifest.xml:20:13-71
136        <activity
136-->[com.unity3d.ads:unity-ads:4.7.0] AndroidManifest.xml:21:9-26:86
137            android:name="com.unity3d.services.ads.adunit.AdUnitTransparentActivity"
137-->[com.unity3d.ads:unity-ads:4.7.0] AndroidManifest.xml:22:13-85
138            android:configChanges="fontScale|keyboard|keyboardHidden|locale|mnc|mcc|navigation|orientation|screenLayout|screenSize|smallestScreenSize|uiMode|touchscreen"
138-->[com.unity3d.ads:unity-ads:4.7.0] AndroidManifest.xml:23:13-170
139            android:exported="false"
139-->[com.unity3d.ads:unity-ads:4.7.0] AndroidManifest.xml:24:13-37
140            android:hardwareAccelerated="true"
140-->[com.unity3d.ads:unity-ads:4.7.0] AndroidManifest.xml:25:13-47
141            android:theme="@android:style/Theme.Translucent.NoTitleBar.Fullscreen" />
141-->[com.unity3d.ads:unity-ads:4.7.0] AndroidManifest.xml:26:13-83
142        <activity
142-->[com.unity3d.ads:unity-ads:4.7.0] AndroidManifest.xml:27:9-32:86
143            android:name="com.unity3d.services.ads.adunit.AdUnitTransparentSoftwareActivity"
143-->[com.unity3d.ads:unity-ads:4.7.0] AndroidManifest.xml:28:13-93
144            android:configChanges="fontScale|keyboard|keyboardHidden|locale|mnc|mcc|navigation|orientation|screenLayout|screenSize|smallestScreenSize|uiMode|touchscreen"
144-->[com.unity3d.ads:unity-ads:4.7.0] AndroidManifest.xml:29:13-170
145            android:exported="false"
145-->[com.unity3d.ads:unity-ads:4.7.0] AndroidManifest.xml:30:13-37
146            android:hardwareAccelerated="false"
146-->[com.unity3d.ads:unity-ads:4.7.0] AndroidManifest.xml:31:13-48
147            android:theme="@android:style/Theme.Translucent.NoTitleBar.Fullscreen" />
147-->[com.unity3d.ads:unity-ads:4.7.0] AndroidManifest.xml:32:13-83
148        <activity
148-->[com.unity3d.ads:unity-ads:4.7.0] AndroidManifest.xml:33:9-38:74
149            android:name="com.unity3d.services.ads.adunit.AdUnitSoftwareActivity"
149-->[com.unity3d.ads:unity-ads:4.7.0] AndroidManifest.xml:34:13-82
150            android:configChanges="fontScale|keyboard|keyboardHidden|locale|mnc|mcc|navigation|orientation|screenLayout|screenSize|smallestScreenSize|uiMode|touchscreen"
150-->[com.unity3d.ads:unity-ads:4.7.0] AndroidManifest.xml:35:13-170
151            android:exported="false"
151-->[com.unity3d.ads:unity-ads:4.7.0] AndroidManifest.xml:36:13-37
152            android:hardwareAccelerated="false"
152-->[com.unity3d.ads:unity-ads:4.7.0] AndroidManifest.xml:37:13-48
153            android:theme="@android:style/Theme.NoTitleBar.Fullscreen" />
153-->[com.unity3d.ads:unity-ads:4.7.0] AndroidManifest.xml:38:13-71
154
155        <provider
155-->[com.unity3d.ads:unity-ads:4.7.0] AndroidManifest.xml:40:9-50:20
156            android:name="androidx.startup.InitializationProvider"
156-->[com.unity3d.ads:unity-ads:4.7.0] AndroidManifest.xml:41:13-67
157            android:authorities="eu.indiewalkabout.fridgemanager.androidx-startup"
157-->[com.unity3d.ads:unity-ads:4.7.0] AndroidManifest.xml:42:13-68
158            android:exported="false" >
158-->[androidx.work:work-runtime:2.8.1] AndroidManifest.xml:32:13-37
159            <meta-data
159-->[com.unity3d.ads:unity-ads:4.7.0] AndroidManifest.xml:44:13-46:52
160                android:name="androidx.lifecycle.ProcessLifecycleInitializer"
160-->[com.unity3d.ads:unity-ads:4.7.0] AndroidManifest.xml:45:17-78
161                android:value="androidx.startup" />
161-->[com.unity3d.ads:unity-ads:4.7.0] AndroidManifest.xml:46:17-49
162            <meta-data
162-->[com.unity3d.ads:unity-ads:4.7.0] AndroidManifest.xml:47:13-49:52
163                android:name="com.unity3d.services.core.configuration.AdsSdkInitializer"
163-->[com.unity3d.ads:unity-ads:4.7.0] AndroidManifest.xml:48:17-89
164                android:value="androidx.startup" />
164-->[com.unity3d.ads:unity-ads:4.7.0] AndroidManifest.xml:49:17-49
165            <meta-data
165-->[androidx.work:work-runtime:2.8.1] AndroidManifest.xml:34:13-36:52
166                android:name="androidx.work.WorkManagerInitializer"
166-->[androidx.work:work-runtime:2.8.1] AndroidManifest.xml:35:17-68
167                android:value="androidx.startup" />
167-->[androidx.work:work-runtime:2.8.1] AndroidManifest.xml:36:17-49
168            <meta-data
168-->[androidx.emoji2:emoji2:1.2.0] AndroidManifest.xml:29:13-31:52
169                android:name="androidx.emoji2.text.EmojiCompatInitializer"
169-->[androidx.emoji2:emoji2:1.2.0] AndroidManifest.xml:30:17-75
170                android:value="androidx.startup" />
170-->[androidx.emoji2:emoji2:1.2.0] AndroidManifest.xml:31:17-49
171            <meta-data
171-->[androidx.profileinstaller:profileinstaller:1.3.0] AndroidManifest.xml:29:13-31:52
172                android:name="androidx.profileinstaller.ProfileInstallerInitializer"
172-->[androidx.profileinstaller:profileinstaller:1.3.0] AndroidManifest.xml:30:17-85
173                android:value="androidx.startup" />
173-->[androidx.profileinstaller:profileinstaller:1.3.0] AndroidManifest.xml:31:17-49
174        </provider>
175
176        <property
176-->[com.unity3d.ads:unity-ads:4.7.0] AndroidManifest.xml:52:9-54:58
177            android:name="android.adservices.AD_SERVICES_CONFIG"
177-->[com.unity3d.ads:unity-ads:4.7.0] AndroidManifest.xml:53:13-65
178            android:resource="@xml/ad_services_config" /> <!-- Include the AdActivity and InAppPurchaseActivity configChanges and themes. -->
178-->[com.unity3d.ads:unity-ads:4.7.0] AndroidManifest.xml:54:13-55
179        <activity
179-->[com.google.android.gms:play-services-ads-lite:22.4.0] AndroidManifest.xml:56:9-61:43
180            android:name="com.google.android.gms.ads.AdActivity"
180-->[com.google.android.gms:play-services-ads-lite:22.4.0] AndroidManifest.xml:57:13-65
181            android:configChanges="keyboard|keyboardHidden|orientation|screenLayout|uiMode|screenSize|smallestScreenSize"
181-->[com.google.android.gms:play-services-ads-lite:22.4.0] AndroidManifest.xml:58:13-122
182            android:exported="false"
182-->[com.google.android.gms:play-services-ads-lite:22.4.0] AndroidManifest.xml:59:13-37
183            android:theme="@android:style/Theme.Translucent" />
183-->[com.google.android.gms:play-services-ads-lite:22.4.0] AndroidManifest.xml:60:13-61
184
185        <provider
185-->[com.google.android.gms:play-services-ads-lite:22.4.0] AndroidManifest.xml:63:9-68:43
186            android:name="com.google.android.gms.ads.MobileAdsInitProvider"
186-->[com.google.android.gms:play-services-ads-lite:22.4.0] AndroidManifest.xml:64:13-76
187            android:authorities="eu.indiewalkabout.fridgemanager.mobileadsinitprovider"
187-->[com.google.android.gms:play-services-ads-lite:22.4.0] AndroidManifest.xml:65:13-73
188            android:exported="false"
188-->[com.google.android.gms:play-services-ads-lite:22.4.0] AndroidManifest.xml:66:13-37
189            android:initOrder="100" />
189-->[com.google.android.gms:play-services-ads-lite:22.4.0] AndroidManifest.xml:67:13-36
190
191        <service
191-->[com.google.android.gms:play-services-ads-lite:22.4.0] AndroidManifest.xml:70:9-74:43
192            android:name="com.google.android.gms.ads.AdService"
192-->[com.google.android.gms:play-services-ads-lite:22.4.0] AndroidManifest.xml:71:13-64
193            android:enabled="true"
193-->[com.google.android.gms:play-services-ads-lite:22.4.0] AndroidManifest.xml:72:13-35
194            android:exported="false" />
194-->[com.google.android.gms:play-services-ads-lite:22.4.0] AndroidManifest.xml:73:13-37
195
196        <activity
196-->[com.google.android.gms:play-services-ads-lite:22.4.0] AndroidManifest.xml:76:9-80:43
197            android:name="com.google.android.gms.ads.OutOfContextTestingActivity"
197-->[com.google.android.gms:play-services-ads-lite:22.4.0] AndroidManifest.xml:77:13-82
198            android:configChanges="keyboard|keyboardHidden|orientation|screenLayout|uiMode|screenSize|smallestScreenSize"
198-->[com.google.android.gms:play-services-ads-lite:22.4.0] AndroidManifest.xml:78:13-122
199            android:exported="false" />
199-->[com.google.android.gms:play-services-ads-lite:22.4.0] AndroidManifest.xml:79:13-37
200
201        <property
201-->[com.unity3d.ads:unity-ads:4.7.0] AndroidManifest.xml:52:9-54:58
202            android:name="android.adservices.AD_SERVICES_CONFIG"
202-->[com.unity3d.ads:unity-ads:4.7.0] AndroidManifest.xml:53:13-65
203            android:resource="@xml/gma_ad_services_config" />
203-->[com.unity3d.ads:unity-ads:4.7.0] AndroidManifest.xml:54:13-55
204
205        <service
205-->[androidx.work:work-runtime:2.8.1] AndroidManifest.xml:39:9-45:35
206            android:name="androidx.work.impl.background.systemalarm.SystemAlarmService"
206-->[androidx.work:work-runtime:2.8.1] AndroidManifest.xml:40:13-88
207            android:directBootAware="false"
207-->[androidx.work:work-runtime:2.8.1] AndroidManifest.xml:41:13-44
208            android:enabled="@bool/enable_system_alarm_service_default"
208-->[androidx.work:work-runtime:2.8.1] AndroidManifest.xml:42:13-72
209            android:exported="false" />
209-->[androidx.work:work-runtime:2.8.1] AndroidManifest.xml:43:13-37
210        <service
210-->[androidx.work:work-runtime:2.8.1] AndroidManifest.xml:46:9-52:35
211            android:name="androidx.work.impl.background.systemjob.SystemJobService"
211-->[androidx.work:work-runtime:2.8.1] AndroidManifest.xml:47:13-84
212            android:directBootAware="false"
212-->[androidx.work:work-runtime:2.8.1] AndroidManifest.xml:48:13-44
213            android:enabled="@bool/enable_system_job_service_default"
213-->[androidx.work:work-runtime:2.8.1] AndroidManifest.xml:49:13-70
214            android:exported="true"
214-->[androidx.work:work-runtime:2.8.1] AndroidManifest.xml:50:13-36
215            android:permission="android.permission.BIND_JOB_SERVICE" />
215-->[androidx.work:work-runtime:2.8.1] AndroidManifest.xml:51:13-69
216        <service
216-->[androidx.work:work-runtime:2.8.1] AndroidManifest.xml:53:9-59:35
217            android:name="androidx.work.impl.foreground.SystemForegroundService"
217-->[androidx.work:work-runtime:2.8.1] AndroidManifest.xml:54:13-81
218            android:directBootAware="false"
218-->[androidx.work:work-runtime:2.8.1] AndroidManifest.xml:55:13-44
219            android:enabled="@bool/enable_system_foreground_service_default"
219-->[androidx.work:work-runtime:2.8.1] AndroidManifest.xml:56:13-77
220            android:exported="false" />
220-->[androidx.work:work-runtime:2.8.1] AndroidManifest.xml:57:13-37
221
222        <receiver
222-->[androidx.work:work-runtime:2.8.1] AndroidManifest.xml:61:9-66:35
223            android:name="androidx.work.impl.utils.ForceStopRunnable$BroadcastReceiver"
223-->[androidx.work:work-runtime:2.8.1] AndroidManifest.xml:62:13-88
224            android:directBootAware="false"
224-->[androidx.work:work-runtime:2.8.1] AndroidManifest.xml:63:13-44
225            android:enabled="true"
225-->[androidx.work:work-runtime:2.8.1] AndroidManifest.xml:64:13-35
226            android:exported="false" />
226-->[androidx.work:work-runtime:2.8.1] AndroidManifest.xml:65:13-37
227        <receiver
227-->[androidx.work:work-runtime:2.8.1] AndroidManifest.xml:67:9-77:20
228            android:name="androidx.work.impl.background.systemalarm.ConstraintProxy$BatteryChargingProxy"
228-->[androidx.work:work-runtime:2.8.1] AndroidManifest.xml:68:13-106
229            android:directBootAware="false"
229-->[androidx.work:work-runtime:2.8.1] AndroidManifest.xml:69:13-44
230            android:enabled="false"
230-->[androidx.work:work-runtime:2.8.1] AndroidManifest.xml:70:13-36
231            android:exported="false" >
231-->[androidx.work:work-runtime:2.8.1] AndroidManifest.xml:71:13-37
232            <intent-filter>
232-->[androidx.work:work-runtime:2.8.1] AndroidManifest.xml:73:13-76:29
233                <action android:name="android.intent.action.ACTION_POWER_CONNECTED" />
233-->[androidx.work:work-runtime:2.8.1] AndroidManifest.xml:74:17-87
233-->[androidx.work:work-runtime:2.8.1] AndroidManifest.xml:74:25-84
234                <action android:name="android.intent.action.ACTION_POWER_DISCONNECTED" />
234-->[androidx.work:work-runtime:2.8.1] AndroidManifest.xml:75:17-90
234-->[androidx.work:work-runtime:2.8.1] AndroidManifest.xml:75:25-87
235            </intent-filter>
236        </receiver>
237        <receiver
237-->[androidx.work:work-runtime:2.8.1] AndroidManifest.xml:78:9-88:20
238            android:name="androidx.work.impl.background.systemalarm.ConstraintProxy$BatteryNotLowProxy"
238-->[androidx.work:work-runtime:2.8.1] AndroidManifest.xml:79:13-104
239            android:directBootAware="false"
239-->[androidx.work:work-runtime:2.8.1] AndroidManifest.xml:80:13-44
240            android:enabled="false"
240-->[androidx.work:work-runtime:2.8.1] AndroidManifest.xml:81:13-36
241            android:exported="false" >
241-->[androidx.work:work-runtime:2.8.1] AndroidManifest.xml:82:13-37
242            <intent-filter>
242-->[androidx.work:work-runtime:2.8.1] AndroidManifest.xml:84:13-87:29
243                <action android:name="android.intent.action.BATTERY_OKAY" />
243-->[androidx.work:work-runtime:2.8.1] AndroidManifest.xml:85:17-77
243-->[androidx.work:work-runtime:2.8.1] AndroidManifest.xml:85:25-74
244                <action android:name="android.intent.action.BATTERY_LOW" />
244-->[androidx.work:work-runtime:2.8.1] AndroidManifest.xml:86:17-76
244-->[androidx.work:work-runtime:2.8.1] AndroidManifest.xml:86:25-73
245            </intent-filter>
246        </receiver>
247        <receiver
247-->[androidx.work:work-runtime:2.8.1] AndroidManifest.xml:89:9-99:20
248            android:name="androidx.work.impl.background.systemalarm.ConstraintProxy$StorageNotLowProxy"
248-->[androidx.work:work-runtime:2.8.1] AndroidManifest.xml:90:13-104
249            android:directBootAware="false"
249-->[androidx.work:work-runtime:2.8.1] AndroidManifest.xml:91:13-44
250            android:enabled="false"
250-->[androidx.work:work-runtime:2.8.1] AndroidManifest.xml:92:13-36
251            android:exported="false" >
251-->[androidx.work:work-runtime:2.8.1] AndroidManifest.xml:93:13-37
252            <intent-filter>
252-->[androidx.work:work-runtime:2.8.1] AndroidManifest.xml:95:13-98:29
253                <action android:name="android.intent.action.DEVICE_STORAGE_LOW" />
253-->[androidx.work:work-runtime:2.8.1] AndroidManifest.xml:96:17-83
253-->[androidx.work:work-runtime:2.8.1] AndroidManifest.xml:96:25-80
254                <action android:name="android.intent.action.DEVICE_STORAGE_OK" />
254-->[androidx.work:work-runtime:2.8.1] AndroidManifest.xml:97:17-82
254-->[androidx.work:work-runtime:2.8.1] AndroidManifest.xml:97:25-79
255            </intent-filter>
256        </receiver>
257        <receiver
257-->[androidx.work:work-runtime:2.8.1] AndroidManifest.xml:100:9-109:20
258            android:name="androidx.work.impl.background.systemalarm.ConstraintProxy$NetworkStateProxy"
258-->[androidx.work:work-runtime:2.8.1] AndroidManifest.xml:101:13-103
259            android:directBootAware="false"
259-->[androidx.work:work-runtime:2.8.1] AndroidManifest.xml:102:13-44
260            android:enabled="false"
260-->[androidx.work:work-runtime:2.8.1] AndroidManifest.xml:103:13-36
261            android:exported="false" >
261-->[androidx.work:work-runtime:2.8.1] AndroidManifest.xml:104:13-37
262            <intent-filter>
262-->[androidx.work:work-runtime:2.8.1] AndroidManifest.xml:106:13-108:29
263                <action android:name="android.net.conn.CONNECTIVITY_CHANGE" />
263-->[androidx.work:work-runtime:2.8.1] AndroidManifest.xml:107:17-79
263-->[androidx.work:work-runtime:2.8.1] AndroidManifest.xml:107:25-76
264            </intent-filter>
265        </receiver>
266        <receiver
266-->[androidx.work:work-runtime:2.8.1] AndroidManifest.xml:110:9-121:20
267            android:name="androidx.work.impl.background.systemalarm.RescheduleReceiver"
267-->[androidx.work:work-runtime:2.8.1] AndroidManifest.xml:111:13-88
268            android:directBootAware="false"
268-->[androidx.work:work-runtime:2.8.1] AndroidManifest.xml:112:13-44
269            android:enabled="false"
269-->[androidx.work:work-runtime:2.8.1] AndroidManifest.xml:113:13-36
270            android:exported="false" >
270-->[androidx.work:work-runtime:2.8.1] AndroidManifest.xml:114:13-37
271            <intent-filter>
271-->[androidx.work:work-runtime:2.8.1] AndroidManifest.xml:116:13-120:29
272                <action android:name="android.intent.action.BOOT_COMPLETED" />
272-->[androidx.work:work-runtime:2.8.1] AndroidManifest.xml:117:17-79
272-->[androidx.work:work-runtime:2.8.1] AndroidManifest.xml:117:25-76
273                <action android:name="android.intent.action.TIME_SET" />
273-->[androidx.work:work-runtime:2.8.1] AndroidManifest.xml:118:17-73
273-->[androidx.work:work-runtime:2.8.1] AndroidManifest.xml:118:25-70
274                <action android:name="android.intent.action.TIMEZONE_CHANGED" />
274-->[androidx.work:work-runtime:2.8.1] AndroidManifest.xml:119:17-81
274-->[androidx.work:work-runtime:2.8.1] AndroidManifest.xml:119:25-78
275            </intent-filter>
276        </receiver>
277        <receiver
277-->[androidx.work:work-runtime:2.8.1] AndroidManifest.xml:122:9-131:20
278            android:name="androidx.work.impl.background.systemalarm.ConstraintProxyUpdateReceiver"
278-->[androidx.work:work-runtime:2.8.1] AndroidManifest.xml:123:13-99
279            android:directBootAware="false"
279-->[androidx.work:work-runtime:2.8.1] AndroidManifest.xml:124:13-44
280            android:enabled="@bool/enable_system_alarm_service_default"
280-->[androidx.work:work-runtime:2.8.1] AndroidManifest.xml:125:13-72
281            android:exported="false" >
281-->[androidx.work:work-runtime:2.8.1] AndroidManifest.xml:126:13-37
282            <intent-filter>
282-->[androidx.work:work-runtime:2.8.1] AndroidManifest.xml:128:13-130:29
283                <action android:name="androidx.work.impl.background.systemalarm.UpdateProxies" />
283-->[androidx.work:work-runtime:2.8.1] AndroidManifest.xml:129:17-98
283-->[androidx.work:work-runtime:2.8.1] AndroidManifest.xml:129:25-95
284            </intent-filter>
285        </receiver>
286        <receiver
286-->[androidx.work:work-runtime:2.8.1] AndroidManifest.xml:132:9-142:20
287            android:name="androidx.work.impl.diagnostics.DiagnosticsReceiver"